<?xml version="1.0" encoding="UTF-8"?>
<testng-results skipped="7" failed="0" total="7" passed="0">
  <reporter-output>
  </reporter-output>
  <suite name="Surefire suite" duration-ms="95571" started-at="2016-08-05T23:58:03Z" finished-at="2016-08-05T23:59:39Z">
    <groups>
    </groups>
    <test name="Surefire test" duration-ms="95571" started-at="2016-08-05T23:58:03Z" finished-at="2016-08-05T23:59:39Z">
      <class name="core.ElementsValidationTest">
        <test-method status="FAIL" signature="beforeClass()[pri:0, instance:core.ElementsValidationTest@6f0cb5a1]" name="beforeClass" is-config="true" duration-ms="0" started-at="2016-08-05T16:58:53Z" finished-at="2016-08-05T16:58:53Z">
          <exception class="org.openqa.selenium.WebDriverException">
            <message>
              <![CDATA[Unable to bind to locking port 7054 within 45000 ms
Build info: version: '2.50.0', revision: '1070ace4650453d518aeb03e7a9a36c9d264a8e7', time: '2016-01-27 10:46:18'
System info: host: 'kamaz', ip: '10.0.26.194', os.name: 'Mac OS X', os.arch: 'x86_64', os.version: '10.11', java.version: '1.8.0_45'
Driver info: driver.version: FirefoxDriver]]>
            </message>
            <full-stacktrace>
              <![CDATA[org.openqa.selenium.WebDriverException: Unable to bind to locking port 7054 within 45000 ms
Build info: version: '2.50.0', revision: '1070ace4650453d518aeb03e7a9a36c9d264a8e7', time: '2016-01-27 10:46:18'
System info: host: 'kamaz', ip: '10.0.26.194', os.name: 'Mac OS X', os.arch: 'x86_64', os.version: '10.11', java.version: '1.8.0_45'
Driver info: driver.version: FirefoxDriver
	at org.openqa.selenium.internal.SocketLock.lock(SocketLock.java:100)
	at org.openqa.selenium.firefox.internal.NewProfileExtensionConnection.start(NewProfileExtensionConnection.java:90)
	at org.openqa.selenium.firefox.FirefoxDriver.startClient(FirefoxDriver.java:271)
	at org.openqa.selenium.remote.RemoteWebDriver.<init>(RemoteWebDriver.java:119)
	at org.openqa.selenium.firefox.FirefoxDriver.<init>(FirefoxDriver.java:216)
	at org.openqa.selenium.firefox.FirefoxDriver.<init>(FirefoxDriver.java:211)
	at org.openqa.selenium.firefox.FirefoxDriver.<init>(FirefoxDriver.java:207)
	at org.openqa.selenium.firefox.FirefoxDriver.<init>(FirefoxDriver.java:120)
	at core.ElementsValidation.before(ElementsValidation.java:58)
	at core.ElementsValidationTest.beforeClass(ElementsValidationTest.java:15)
	at sun.reflect.NativeMethodAccessorImpl.invoke0(Native Method)
	at sun.reflect.NativeMethodAccessorImpl.invoke(NativeMethodAccessorImpl.java:62)
	at sun.reflect.DelegatingMethodAccessorImpl.invoke(DelegatingMethodAccessorImpl.java:43)
	at java.lang.reflect.Method.invoke(Method.java:497)
	at org.testng.internal.MethodInvocationHelper.invokeMethod(MethodInvocationHelper.java:86)
	at org.testng.internal.Invoker.invokeConfigurationMethod(Invoker.java:514)
	at org.testng.internal.Invoker.invokeConfigurations(Invoker.java:215)
	at org.testng.internal.Invoker.invokeConfigurations(Invoker.java:142)
	at org.testng.internal.TestMethodWorker.invokeBeforeClassMethods(TestMethodWorker.java:178)
	at org.testng.internal.TestMethodWorker.run(TestMethodWorker.java:108)
	at org.testng.TestRunner.privateRun(TestRunner.java:782)
	at org.testng.TestRunner.run(TestRunner.java:632)
	at org.testng.SuiteRunner.runTest(SuiteRunner.java:366)
	at org.testng.SuiteRunner.runSequentially(SuiteRunner.java:361)
	at org.testng.SuiteRunner.privateRun(SuiteRunner.java:319)
	at org.testng.SuiteRunner.run(SuiteRunner.java:268)
	at org.testng.SuiteRunnerWorker.runSuite(SuiteRunnerWorker.java:52)
	at org.testng.SuiteRunnerWorker.run(SuiteRunnerWorker.java:86)
	at org.testng.TestNG.runSuitesSequentially(TestNG.java:1244)
	at org.testng.TestNG.runSuitesLocally(TestNG.java:1169)
	at org.testng.TestNG.run(TestNG.java:1064)
	at org.apache.maven.surefire.testng.TestNGExecutor.run(TestNGExecutor.java:132)
	at org.apache.maven.surefire.testng.TestNGDirectoryTestSuite.executeMulti(TestNGDirectoryTestSuite.java:193)
	at org.apache.maven.surefire.testng.TestNGDirectoryTestSuite.execute(TestNGDirectoryTestSuite.java:94)
	at org.apache.maven.surefire.testng.TestNGProvider.invoke(TestNGProvider.java:147)
	at org.apache.maven.surefire.booter.ForkedBooter.invokeProviderInSameClassLoader(ForkedBooter.java:290)
	at org.apache.maven.surefire.booter.ForkedBooter.runSuitesInProcess(ForkedBooter.java:242)
	at org.apache.maven.surefire.booter.ForkedBooter.main(ForkedBooter.java:121)
]]>
            </full-stacktrace>
          </exception> <!-- org.openqa.selenium.WebDriverException -->
          <reporter-output>
          </reporter-output>
        </test-method> <!-- beforeClass -->
        <test-method status="SKIP" signature="test_0101_1st_element_isPresent()[pri:0, instance:core.ElementsValidationTest@6f0cb5a1]" name="test_0101_1st_element_isPresent" duration-ms="1" started-at="2016-08-05T16:59:39Z" finished-at="2016-08-05T16:59:39Z">
          <reporter-output>
          </reporter-output>
        </test-method> <!-- test_0101_1st_element_isPresent -->
        <test-method status="SKIP" signature="test_0102_1st_element_Validation()[pri:0, instance:core.ElementsValidationTest@6f0cb5a1]" name="test_0102_1st_element_Validation" duration-ms="1" started-at="2016-08-05T16:59:39Z" finished-at="2016-08-05T16:59:39Z">
          <reporter-output>
          </reporter-output>
        </test-method> <!-- test_0102_1st_element_Validation -->
        <test-method status="SKIP" signature="test_0201_2nd_element_isPresent()[pri:0, instance:core.ElementsValidationTest@6f0cb5a1]" name="test_0201_2nd_element_isPresent" duration-ms="1" started-at="2016-08-05T16:59:39Z" finished-at="2016-08-05T16:59:39Z">
          <reporter-output>
          </reporter-output>
        </test-method> <!-- test_0201_2nd_element_isPresent -->
        <test-method status="SKIP" signature="test_0202_2nd_element_Validation()[pri:0, instance:core.ElementsValidationTest@6f0cb5a1]" name="test_0202_2nd_element_Validation" duration-ms="1" started-at="2016-08-05T16:59:39Z" finished-at="2016-08-05T16:59:39Z">
          <reporter-output>
          </reporter-output>
        </test-method> <!-- test_0202_2nd_element_Validation -->
        <test-method status="SKIP" signature="test_0301_3rd_element_isPresent()[pri:0, instance:core.ElementsValidationTest@6f0cb5a1]" name="test_0301_3rd_element_isPresent" duration-ms="0" started-at="2016-08-05T16:59:39Z" finished-at="2016-08-05T16:59:39Z">
          <reporter-output>
          </reporter-output>
        </test-method> <!-- test_0301_3rd_element_isPresent -->
        <test-method status="SKIP" signature="test_0302_3rd_element_Validation()[pri:0, instance:core.ElementsValidationTest@6f0cb5a1]" name="test_0302_3rd_element_Validation" duration-ms="1" started-at="2016-08-05T16:59:39Z" finished-at="2016-08-05T16:59:39Z">
          <reporter-output>
          </reporter-output>
        </test-method> <!-- test_0302_3rd_element_Validation -->
        <test-method status="SKIP" signature="afterClass()[pri:0, instance:core.ElementsValidationTest@6f0cb5a1]" name="afterClass" is-config="true" duration-ms="0" started-at="2016-08-05T16:59:39Z" finished-at="2016-08-05T16:59:39Z">
          <reporter-output>
          </reporter-output>
        </test-method> <!-- afterClass -->
      </class> <!-- core.ElementsValidationTest -->
      <class name="core.ConfirmPageTest">
        <test-method status="FAIL" signature="beforeClass()[pri:0, instance:core.ConfirmPageTest@66e8997c]" name="beforeClass" is-config="true" duration-ms="0" started-at="2016-08-05T16:58:03Z" finished-at="2016-08-05T16:58:03Z">
          <exception class="org.openqa.selenium.WebDriverException">
            <message>
              <![CDATA[Failed to connect to binary FirefoxBinary(/Applications/Firefox.app/Contents/MacOS/firefox-bin) on port 7055; process output follows: 
son	DEBUG	Save changes
1470441488571	addons.xpi	DEBUG	Updating database with changes to installed add-ons
1470441488571	addons.xpi-utils	DEBUG	Updating add-on states
1470441488573	addons.xpi-utils	DEBUG	Writing add-ons list
1470441488578	addons.xpi	DEBUG	Registering manifest for /Applications/Firefox.app/Contents/Resources/browser/features/e10srollout@mozilla.org.xpi
1470441488580	addons.xpi	DEBUG	Calling bootstrap method startup on e10srollout@mozilla.org version 1.0
1470441488581	addons.xpi	DEBUG	Registering manifest for /Applications/Firefox.app/Contents/Resources/browser/features/firefox@getpocket.com.xpi
1470441488581	addons.xpi	DEBUG	Calling bootstrap method startup on firefox@getpocket.com version 1.0.2
1470441488584	addons.xpi	DEBUG	Registering manifest for /Applications/Firefox.app/Contents/Resources/browser/features/loop@mozilla.org.xpi
1470441488586	addons.xpi	DEBUG	Calling bootstrap method startup on loop@mozilla.org version 1.3.2
1470441488649	addons.manager	DEBUG	Registering shutdown blocker for XPIProvider
1470441488660	addons.manager	DEBUG	Provider finished startup: XPIProvider
1470441488667	addons.manager	DEBUG	Starting provider: LightweightThemeManager
1470441488667	addons.manager	DEBUG	Registering shutdown blocker for LightweightThemeManager
1470441488668	addons.manager	DEBUG	Provider finished startup: LightweightThemeManager
1470441488669	addons.manager	DEBUG	Starting provider: GMPProvider
1470441488682	addons.manager	DEBUG	Registering shutdown blocker for GMPProvider
1470441488687	addons.manager	DEBUG	Provider finished startup: GMPProvider
1470441488687	addons.manager	DEBUG	Starting provider: PluginProvider
1470441488697	addons.manager	DEBUG	Registering shutdown blocker for PluginProvider
1470441488698	addons.manager	DEBUG	Provider finished startup: PluginProvider
1470441488700	addons.manager	DEBUG	Completed startup sequence
1470441489740	addons.manager	DEBUG	Starting provider: <unnamed-provider>
1470441489740	addons.manager	DEBUG	Registering shutdown blocker for <unnamed-provider>
1470441489740	addons.manager	DEBUG	Provider finished startup: <unnamed-provider>
1470441489942	DeferredSave.extensions.json	DEBUG	Write succeeded
1470441489942	addons.xpi-utils	DEBUG	XPI Database saved, setting schema version preference to 17
1470441489942	DeferredSave.extensions.json	DEBUG	Starting timer
1470441489968	DeferredSave.extensions.json	DEBUG	Starting write
1470441489970	addons.repository	DEBUG	No addons.json found.
1470441489971	DeferredSave.addons.json	DEBUG	Save changes
1470441489973	DeferredSave.addons.json	DEBUG	Starting timer
1470441490020	addons.manager	DEBUG	Starting provider: PreviousExperimentProvider
1470441490020	addons.manager	DEBUG	Registering shutdown blocker for PreviousExperimentProvider
1470441490020	addons.manager	DEBUG	Provider finished startup: PreviousExperimentProvider
1470441490027	DeferredSave.addons.json	DEBUG	Starting write
1470441490038	DeferredSave.extensions.json	DEBUG	Write succeeded
1470441490052	DeferredSave.addons.json	DEBUG	Write succeeded
1470441494874	addons.xpi	DEBUG	Calling bootstrap method shutdown on e10srollout@mozilla.org version 1.0
1470441494875	addons.xpi	DEBUG	Calling bootstrap method shutdown on firefox@getpocket.com version 1.0.2
1470441494875	addons.xpi	DEBUG	Calling bootstrap method shutdown on loop@mozilla.org version 1.3.2
1470441495090	addons.manager	DEBUG	shutdown
1470441495091	addons.manager	DEBUG	Calling shutdown blocker for XPIProvider
1470441495091	addons.xpi	DEBUG	shutdown
1470441495091	addons.xpi-utils	DEBUG	shutdown
1470441495091	addons.manager	DEBUG	Calling shutdown blocker for LightweightThemeManager
1470441495093	addons.manager	DEBUG	Calling shutdown blocker for GMPProvider
1470441495096	addons.manager	DEBUG	Calling shutdown blocker for PluginProvider
1470441495097	addons.manager	DEBUG	Calling shutdown blocker for <unnamed-provider>
1470441495102	addons.manager	DEBUG	Calling shutdown blocker for PreviousExperimentProvider
1470441495118	addons.xpi	DEBUG	Notifying XPI shutdown observers
1470441495125	addons.manager	DEBUG	Async provider shutdown done

Build info: version: '2.50.0', revision: '1070ace4650453d518aeb03e7a9a36c9d264a8e7', time: '2016-01-27 10:46:18'
System info: host: 'kamaz', ip: '10.0.26.194', os.name: 'Mac OS X', os.arch: 'x86_64', os.version: '10.11', java.version: '1.8.0_45'
Driver info: driver.version: FirefoxDriver]]>
            </message>
            <full-stacktrace>
              <![CDATA[org.openqa.selenium.WebDriverException: Failed to connect to binary FirefoxBinary(/Applications/Firefox.app/Contents/MacOS/firefox-bin) on port 7055; process output follows: 
son	DEBUG	Save changes
1470441488571	addons.xpi	DEBUG	Updating database with changes to installed add-ons
1470441488571	addons.xpi-utils	DEBUG	Updating add-on states
1470441488573	addons.xpi-utils	DEBUG	Writing add-ons list
1470441488578	addons.xpi	DEBUG	Registering manifest for /Applications/Firefox.app/Contents/Resources/browser/features/e10srollout@mozilla.org.xpi
1470441488580	addons.xpi	DEBUG	Calling bootstrap method startup on e10srollout@mozilla.org version 1.0
1470441488581	addons.xpi	DEBUG	Registering manifest for /Applications/Firefox.app/Contents/Resources/browser/features/firefox@getpocket.com.xpi
1470441488581	addons.xpi	DEBUG	Calling bootstrap method startup on firefox@getpocket.com version 1.0.2
1470441488584	addons.xpi	DEBUG	Registering manifest for /Applications/Firefox.app/Contents/Resources/browser/features/loop@mozilla.org.xpi
1470441488586	addons.xpi	DEBUG	Calling bootstrap method startup on loop@mozilla.org version 1.3.2
1470441488649	addons.manager	DEBUG	Registering shutdown blocker for XPIProvider
1470441488660	addons.manager	DEBUG	Provider finished startup: XPIProvider
1470441488667	addons.manager	DEBUG	Starting provider: LightweightThemeManager
1470441488667	addons.manager	DEBUG	Registering shutdown blocker for LightweightThemeManager
1470441488668	addons.manager	DEBUG	Provider finished startup: LightweightThemeManager
1470441488669	addons.manager	DEBUG	Starting provider: GMPProvider
1470441488682	addons.manager	DEBUG	Registering shutdown blocker for GMPProvider
1470441488687	addons.manager	DEBUG	Provider finished startup: GMPProvider
1470441488687	addons.manager	DEBUG	Starting provider: PluginProvider
1470441488697	addons.manager	DEBUG	Registering shutdown blocker for PluginProvider
1470441488698	addons.manager	DEBUG	Provider finished startup: PluginProvider
1470441488700	addons.manager	DEBUG	Completed startup sequence
1470441489740	addons.manager	DEBUG	Starting provider: <unnamed-provider>
1470441489740	addons.manager	DEBUG	Registering shutdown blocker for <unnamed-provider>
1470441489740	addons.manager	DEBUG	Provider finished startup: <unnamed-provider>
1470441489942	DeferredSave.extensions.json	DEBUG	Write succeeded
1470441489942	addons.xpi-utils	DEBUG	XPI Database saved, setting schema version preference to 17
1470441489942	DeferredSave.extensions.json	DEBUG	Starting timer
1470441489968	DeferredSave.extensions.json	DEBUG	Starting write
1470441489970	addons.repository	DEBUG	No addons.json found.
1470441489971	DeferredSave.addons.json	DEBUG	Save changes
1470441489973	DeferredSave.addons.json	DEBUG	Starting timer
1470441490020	addons.manager	DEBUG	Starting provider: PreviousExperimentProvider
1470441490020	addons.manager	DEBUG	Registering shutdown blocker for PreviousExperimentProvider
1470441490020	addons.manager	DEBUG	Provider finished startup: PreviousExperimentProvider
1470441490027	DeferredSave.addons.json	DEBUG	Starting write
1470441490038	DeferredSave.extensions.json	DEBUG	Write succeeded
1470441490052	DeferredSave.addons.json	DEBUG	Write succeeded
1470441494874	addons.xpi	DEBUG	Calling bootstrap method shutdown on e10srollout@mozilla.org version 1.0
1470441494875	addons.xpi	DEBUG	Calling bootstrap method shutdown on firefox@getpocket.com version 1.0.2
1470441494875	addons.xpi	DEBUG	Calling bootstrap method shutdown on loop@mozilla.org version 1.3.2
1470441495090	addons.manager	DEBUG	shutdown
1470441495091	addons.manager	DEBUG	Calling shutdown blocker for XPIProvider
1470441495091	addons.xpi	DEBUG	shutdown
1470441495091	addons.xpi-utils	DEBUG	shutdown
1470441495091	addons.manager	DEBUG	Calling shutdown blocker for LightweightThemeManager
1470441495093	addons.manager	DEBUG	Calling shutdown blocker for GMPProvider
1470441495096	addons.manager	DEBUG	Calling shutdown blocker for PluginProvider
1470441495097	addons.manager	DEBUG	Calling shutdown blocker for <unnamed-provider>
1470441495102	addons.manager	DEBUG	Calling shutdown blocker for PreviousExperimentProvider
1470441495118	addons.xpi	DEBUG	Notifying XPI shutdown observers
1470441495125	addons.manager	DEBUG	Async provider shutdown done

Build info: version: '2.50.0', revision: '1070ace4650453d518aeb03e7a9a36c9d264a8e7', time: '2016-01-27 10:46:18'
System info: host: 'kamaz', ip: '10.0.26.194', os.name: 'Mac OS X', os.arch: 'x86_64', os.version: '10.11', java.version: '1.8.0_45'
Driver info: driver.version: FirefoxDriver
	at org.openqa.selenium.firefox.internal.NewProfileExtensionConnection.start(NewProfileExtensionConnection.java:135)
	at org.openqa.selenium.firefox.FirefoxDriver.startClient(FirefoxDriver.java:271)
	at org.openqa.selenium.remote.RemoteWebDriver.<init>(RemoteWebDriver.java:119)
	at org.openqa.selenium.firefox.FirefoxDriver.<init>(FirefoxDriver.java:216)
	at org.openqa.selenium.firefox.FirefoxDriver.<init>(FirefoxDriver.java:211)
	at org.openqa.selenium.firefox.FirefoxDriver.<init>(FirefoxDriver.java:207)
	at org.openqa.selenium.firefox.FirefoxDriver.<init>(FirefoxDriver.java:120)
	at core.ConfirmPageDataManager.getPrimaryUrl(ConfirmPageDataManager.java:77)
	at core.ConfirmPageDataManager.readData(ConfirmPageDataManager.java:103)
	at core.ConfirmPageTest.beforeClass(ConfirmPageTest.java:20)
	at sun.reflect.NativeMethodAccessorImpl.invoke0(Native Method)
	at sun.reflect.NativeMethodAccessorImpl.invoke(NativeMethodAccessorImpl.java:62)
	at sun.reflect.DelegatingMethodAccessorImpl.invoke(DelegatingMethodAccessorImpl.java:43)
	at java.lang.reflect.Method.invoke(Method.java:497)
	at org.testng.internal.MethodInvocationHelper.invokeMethod(MethodInvocationHelper.java:86)
	at org.testng.internal.Invoker.invokeConfigurationMethod(Invoker.java:514)
	at org.testng.internal.Invoker.invokeConfigurations(Invoker.java:215)
	at org.testng.internal.Invoker.invokeConfigurations(Invoker.java:142)
	at org.testng.internal.TestMethodWorker.invokeBeforeClassMethods(TestMethodWorker.java:178)
	at org.testng.internal.TestMethodWorker.run(TestMethodWorker.java:108)
	at org.testng.TestRunner.privateRun(TestRunner.java:782)
	at org.testng.TestRunner.run(TestRunner.java:632)
	at org.testng.SuiteRunner.runTest(SuiteRunner.java:366)
	at org.testng.SuiteRunner.runSequentially(SuiteRunner.java:361)
	at org.testng.SuiteRunner.privateRun(SuiteRunner.java:319)
	at org.testng.SuiteRunner.run(SuiteRunner.java:268)
	at org.testng.SuiteRunnerWorker.runSuite(SuiteRunnerWorker.java:52)
	at org.testng.SuiteRunnerWorker.run(SuiteRunnerWorker.java:86)
	at org.testng.TestNG.runSuitesSequentially(TestNG.java:1244)
	at org.testng.TestNG.runSuitesLocally(TestNG.java:1169)
	at org.testng.TestNG.run(TestNG.java:1064)
	at org.apache.maven.surefire.testng.TestNGExecutor.run(TestNGExecutor.java:132)
	at org.apache.maven.surefire.testng.TestNGDirectoryTestSuite.executeMulti(TestNGDirectoryTestSuite.java:193)
	at org.apache.maven.surefire.testng.TestNGDirectoryTestSuite.execute(TestNGDirectoryTestSuite.java:94)
	at org.apache.maven.surefire.testng.TestNGProvider.invoke(TestNGProvider.java:147)
	at org.apache.maven.surefire.booter.ForkedBooter.invokeProviderInSameClassLoader(ForkedBooter.java:290)
	at org.apache.maven.surefire.booter.ForkedBooter.runSuitesInProcess(ForkedBooter.java:242)
	at org.apache.maven.surefire.booter.ForkedBooter.main(ForkedBooter.java:121)
Caused by: org.openqa.selenium.firefox.NotConnectedException: Unable to connect to host 127.0.0.1 on port 7055 after 45000 ms. Firefox console output:
son	DEBUG	Save changes
1470441488571	addons.xpi	DEBUG	Updating database with changes to installed add-ons
1470441488571	addons.xpi-utils	DEBUG	Updating add-on states
1470441488573	addons.xpi-utils	DEBUG	Writing add-ons list
1470441488578	addons.xpi	DEBUG	Registering manifest for /Applications/Firefox.app/Contents/Resources/browser/features/e10srollout@mozilla.org.xpi
1470441488580	addons.xpi	DEBUG	Calling bootstrap method startup on e10srollout@mozilla.org version 1.0
1470441488581	addons.xpi	DEBUG	Registering manifest for /Applications/Firefox.app/Contents/Resources/browser/features/firefox@getpocket.com.xpi
1470441488581	addons.xpi	DEBUG	Calling bootstrap method startup on firefox@getpocket.com version 1.0.2
1470441488584	addons.xpi	DEBUG	Registering manifest for /Applications/Firefox.app/Contents/Resources/browser/features/loop@mozilla.org.xpi
1470441488586	addons.xpi	DEBUG	Calling bootstrap method startup on loop@mozilla.org version 1.3.2
1470441488649	addons.manager	DEBUG	Registering shutdown blocker for XPIProvider
1470441488660	addons.manager	DEBUG	Provider finished startup: XPIProvider
1470441488667	addons.manager	DEBUG	Starting provider: LightweightThemeManager
1470441488667	addons.manager	DEBUG	Registering shutdown blocker for LightweightThemeManager
1470441488668	addons.manager	DEBUG	Provider finished startup: LightweightThemeManager
1470441488669	addons.manager	DEBUG	Starting provider: GMPProvider
1470441488682	addons.manager	DEBUG	Registering shutdown blocker for GMPProvider
1470441488687	addons.manager	DEBUG	Provider finished startup: GMPProvider
1470441488687	addons.manager	DEBUG	Starting provider: PluginProvider
1470441488697	addons.manager	DEBUG	Registering shutdown blocker for PluginProvider
1470441488698	addons.manager	DEBUG	Provider finished startup: PluginProvider
1470441488700	addons.manager	DEBUG	Completed startup sequence
1470441489740	addons.manager	DEBUG	Starting provider: <unnamed-provider>
1470441489740	addons.manager	DEBUG	Registering shutdown blocker for <unnamed-provider>
1470441489740	addons.manager	DEBUG	Provider finished startup: <unnamed-provider>
1470441489942	DeferredSave.extensions.json	DEBUG	Write succeeded
1470441489942	addons.xpi-utils	DEBUG	XPI Database saved, setting schema version preference to 17
1470441489942	DeferredSave.extensions.json	DEBUG	Starting timer
1470441489968	DeferredSave.extensions.json	DEBUG	Starting write
1470441489970	addons.repository	DEBUG	No addons.json found.
1470441489971	DeferredSave.addons.json	DEBUG	Save changes
1470441489973	DeferredSave.addons.json	DEBUG	Starting timer
1470441490020	addons.manager	DEBUG	Starting provider: PreviousExperimentProvider
1470441490020	addons.manager	DEBUG	Registering shutdown blocker for PreviousExperimentProvider
1470441490020	addons.manager	DEBUG	Provider finished startup: PreviousExperimentProvider
1470441490027	DeferredSave.addons.json	DEBUG	Starting write
1470441490038	DeferredSave.extensions.json	DEBUG	Write succeeded
1470441490052	DeferredSave.addons.json	DEBUG	Write succeeded
1470441494874	addons.xpi	DEBUG	Calling bootstrap method shutdown on e10srollout@mozilla.org version 1.0
1470441494875	addons.xpi	DEBUG	Calling bootstrap method shutdown on firefox@getpocket.com version 1.0.2
1470441494875	addons.xpi	DEBUG	Calling bootstrap method shutdown on loop@mozilla.org version 1.3.2
1470441495090	addons.manager	DEBUG	shutdown
1470441495091	addons.manager	DEBUG	Calling shutdown blocker for XPIProvider
1470441495091	addons.xpi	DEBUG	shutdown
1470441495091	addons.xpi-utils	DEBUG	shutdown
1470441495091	addons.manager	DEBUG	Calling shutdown blocker for LightweightThemeManager
1470441495093	addons.manager	DEBUG	Calling shutdown blocker for GMPProvider
1470441495096	addons.manager	DEBUG	Calling shutdown blocker for PluginProvider
1470441495097	addons.manager	DEBUG	Calling shutdown blocker for <unnamed-provider>
1470441495102	addons.manager	DEBUG	Calling shutdown blocker for PreviousExperimentProvider
1470441495118	addons.xpi	DEBUG	Notifying XPI shutdown observers
1470441495125	addons.manager	DEBUG	Async provider shutdown done

	at org.openqa.selenium.firefox.internal.NewProfileExtensionConnection.start(NewProfileExtensionConnection.java:123)
	... 37 more
]]>
            </full-stacktrace>
          </exception> <!-- org.openqa.selenium.WebDriverException -->
          <reporter-output>
          </reporter-output>
        </test-method> <!-- beforeClass -->
        <test-method status="SKIP" signature="test_Common_inLoop_JsonFile()[pri:0, instance:core.ConfirmPageTest@66e8997c]" name="test_Common_inLoop_JsonFile" duration-ms="60" started-at="2016-08-05T16:58:53Z" finished-at="2016-08-05T16:58:53Z">
          <reporter-output>
          </reporter-output>
        </test-method> <!-- test_Common_inLoop_JsonFile -->
        <test-method status="SKIP" signature="afterClass()[pri:0, instance:core.ConfirmPageTest@66e8997c]" name="afterClass" is-config="true" duration-ms="0" started-at="2016-08-05T16:58:53Z" finished-at="2016-08-05T16:58:53Z">
          <reporter-output>
          </reporter-output>
        </test-method> <!-- afterClass -->
      </class> <!-- core.ConfirmPageTest -->
    </test> <!-- Surefire test -->
  </suite> <!-- Surefire suite -->
</testng-results>
